Build started 2015/6/3 14:18:46.
     1>Project "C:\Users\Chris\OneDrive\NetEase\软渲染\soft renderver\soft render\soft render.vcxproj" on node 2 (Build target(s)).
     1>Link:
         C:\Program Files (x86)\Microsoft Visual Studio 12.0\VC\bin\link.exe /ERRORREPORT:PROMPT /OUT:"C:\Users\Chris\OneDrive\NetEase\软渲染\soft renderver\Debug\soft render.exe" /INCREMENTAL /NOLOGO kernel32.lib user32.lib gdi32.lib winspool.lib comdlg32.lib advapi32.lib shell32.lib ole32.lib oleaut32.lib uuid.lib odbc32.lib odbccp32.lib /NODEFAULTLIB /MANIFEST /MANIFESTUAC:"level='asInvoker' uiAccess='false'" /manifest:embed /DEBUG /PDB:"C:\Users\Chris\OneDrive\NetEase\软渲染\soft renderver\Debug\soft render.pdb" /TLBID:1 /DYNAMICBASE /NXCOMPAT /IMPLIB:"C:\Users\Chris\OneDrive\NetEase\软渲染\soft renderver\Debug\soft render.lib" /MACHINE:X86 Debug\Source.obj
     1>Source.obj : error LNK2001: unresolved external symbol __purecall
     1>Source.obj : error LNK2019: unresolved external symbol "void * __cdecl operator new(unsigned int)" (??2@YAPAXI@Z) referenced in function "char * __cdecl std::_Allocate<char>(unsigned int,char *)" (??$_Allocate@D@std@@YAPADIPAD@Z)
     1>Source.obj : error LNK2019: unresolved external symbol "void __cdecl operator delete(void *)" (??3@YAXPAX@Z) referenced in function "public: virtual void * __thiscall std::_Generic_error_category::`scalar deleting destructor'(unsigned int)" (??_G_Generic_error_category@std@@UAEPAXI@Z)
     1>Source.obj : error LNK2019: unresolved external symbol _atexit referenced in function "void __cdecl `dynamic initializer for 'public: static class std::_Generic_error_category std::_Error_objects<int>::_Generic_object''(void)" (??__E?_Generic_object@?$_Error_objects@H@std@@2V_Generic_error_category@2@A@@YAXXZ)
     1>Source.obj : error LNK2019: unresolved external symbol _cos referenced in function "void __cdecl Map(void)" (?Map@@YAXXZ)
     1>Source.obj : error LNK2019: unresolved external symbol _sin referenced in function "void __cdecl Map(void)" (?Map@@YAXXZ)
     1>Source.obj : error LNK2019: unresolved external symbol _sqrt referenced in function "double __cdecl sqrt<int>(int)" (??$sqrt@H@@YANH@Z)
     1>Source.obj : error LNK2019: unresolved external symbol __imp___hypot referenced in function _hypot
     1>Source.obj : error LNK2019: unresolved external symbol __imp__exit referenced in function _glutCreateWindow_ATEXIT_HACK@4
     1>Source.obj : error LNK2019: unresolved external symbol _memcpy referenced in function "public: static char * __cdecl std::char_traits<char>::copy(char *,char const *,unsigned int)" (?copy@?$char_traits@D@std@@SAPADPADPBDI@Z)
     1>Source.obj : error LNK2019: unresolved external symbol _strlen referenced in function "public: static unsigned int __cdecl std::char_traits<char>::length(char const *)" (?length@?$char_traits@D@std@@SAIPBD@Z)
     1>Source.obj : error LNK2019: unresolved external symbol __imp__memmove referenced in function "public: static char * __cdecl std::char_traits<char>::move(char *,char const *,unsigned int)" (?move@?$char_traits@D@std@@SAPADPADPBDI@Z)
     1>Source.obj : error LNK2019: unresolved external symbol "__declspec(dllimport) void __cdecl std::_Debug_message(wchar_t const *,wchar_t const *,unsigned int)" (__imp_?_Debug_message@std@@YAXPB_W0I@Z) referenced in function "bool __cdecl std::_Debug_lt_pred<struct std::less<void>,double const &,double const &>(struct std::less<void>,double const &,double const &,wchar_t const *,unsigned int)" (??$_Debug_lt_pred@U?$less@X@std@@ABNABN@std@@YA_NU?$less@X@0@ABN1PB_WI@Z)
     1>Source.obj : error LNK2019: unresolved external symbol "__declspec(dllimport) public: __thiscall std::_Container_base12::_Container_base12(void)" (__imp_??0_Container_base12@std@@QAE@XZ) referenced in function "public: __thiscall std::_String_val<struct std::_Simple_types<char> >::_String_val<struct std::_Simple_types<char> >(void)" (??0?$_String_val@U?$_Simple_types@D@std@@@std@@QAE@XZ)
     1>Source.obj : error LNK2019: unresolved external symbol "__declspec(dllimport) public: __thiscall std::_Container_base12::~_Container_base12(void)" (__imp_??1_Container_base12@std@@QAE@XZ) referenced in function "public: __thiscall std::_String_val<struct std::_Simple_types<char> >::~_String_val<struct std::_Simple_types<char> >(void)" (??1?$_String_val@U?$_Simple_types@D@std@@@std@@QAE@XZ)
     1>Source.obj : error LNK2019: unresolved external symbol "__declspec(dllimport) public: void __thiscall std::_Container_base12::_Orphan_all(void)" (__imp_?_Orphan_all@_Container_base12@std@@QAEXXZ) referenced in function "public: void __thiscall std::_String_alloc<0,struct std::_String_base_types<char,class std::allocator<char> > >::_Free_proxy(void)" (?_Free_proxy@?$_String_alloc@$0A@U?$_String_base_types@DV?$allocator@D@std@@@std@@@std@@QAEXXZ)
     1>Source.obj : error LNK2019: unresolved external symbol "__declspec(dllimport) void __cdecl std::_Xbad_alloc(void)" (__imp_?_Xbad_alloc@std@@YAXXZ) referenced in function "char * __cdecl std::_Allocate<char>(unsigned int,char *)" (??$_Allocate@D@std@@YAPADIPAD@Z)
     1>Source.obj : error LNK2019: unresolved external symbol "__declspec(dllimport) void __cdecl std::_Xlength_error(char const *)" (__imp_?_Xlength_error@std@@YAXPBD@Z) referenced in function "public: void __thiscall std::basic_string<char,struct std::char_traits<char>,class std::allocator<char> >::_Xlen(void)const " (?_Xlen@?$basic_string@DU?$char_traits@D@std@@V?$allocator@D@2@@std@@QBEXXZ)
     1>Source.obj : error LNK2019: unresolved external symbol "__declspec(dllimport) void __cdecl std::_Xout_of_range(char const *)" (__imp_?_Xout_of_range@std@@YAXPBD@Z) referenced in function "public: void __thiscall std::basic_string<char,struct std::char_traits<char>,class std::allocator<char> >::_Xran(void)const " (?_Xran@?$basic_string@DU?$char_traits@D@std@@V?$allocator@D@2@@std@@QBEXXZ)
     1>Source.obj : error LNK2019: unresolved external symbol "__declspec(dllimport) char const * __cdecl std::_Syserror_map(int)" (__imp_?_Syserror_map@std@@YAPBDH@Z) referenced in function "public: virtual class std::error_condition __thiscall std::_System_error_category::default_error_condition(int)const " (?default_error_condition@_System_error_category@std@@UBE?AVerror_condition@2@H@Z)
     1>Source.obj : error LNK2019: unresolved external symbol "__declspec(dllimport) char const * __cdecl std::_Winerror_map(int)" (__imp_?_Winerror_map@std@@YAPBDH@Z) referenced in function "public: virtual class std::basic_string<char,struct std::char_traits<char>,class std::allocator<char> > __thiscall std::_System_error_category::message(int)const " (?message@_System_error_category@std@@UBE?AV?$basic_string@DU?$char_traits@D@std@@V?$allocator@D@2@@2@H@Z)
     1>Source.obj : error LNK2019: unresolved external symbol __imp__glBegin@4 referenced in function "void __cdecl redraw(void)" (?redraw@@YAXXZ)
     1>Source.obj : error LNK2019: unresolved external symbol __imp__glClear@4 referenced in function "void __cdecl redraw(void)" (?redraw@@YAXXZ)
     1>Source.obj : error LNK2019: unresolved external symbol __imp__glColor3f@12 referenced in function "void __cdecl redraw(void)" (?redraw@@YAXXZ)
     1>Source.obj : error LNK2019: unresolved external symbol __imp__glEnd@0 referenced in function "void __cdecl redraw(void)" (?redraw@@YAXXZ)
     1>Source.obj : error LNK2019: unresolved external symbol __imp__glPointSize@4 referenced in function "void __cdecl redraw(void)" (?redraw@@YAXXZ)
     1>Source.obj : error LNK2019: unresolved external symbol __imp__glVertex2f@8 referenced in function "void __cdecl redraw(void)" (?redraw@@YAXXZ)
     1>Source.obj : error LNK2019: unresolved external symbol __imp____glutInitWithExit@12 referenced in function _glutInit_ATEXIT_HACK@8
     1>Source.obj : error LNK2019: unresolved external symbol __imp__glutInitDisplayMode@4 referenced in function _main
     1>Source.obj : error LNK2019: unresolved external symbol __imp__glutInitWindowPosition@8 referenced in function _main
     1>Source.obj : error LNK2019: unresolved external symbol __imp__glutInitWindowSize@8 referenced in function _main
     1>Source.obj : error LNK2019: unresolved external symbol __imp__glutMainLoop@0 referenced in function _main
     1>Source.obj : error LNK2019: unresolved external symbol __imp____glutCreateWindowWithExit@8 referenced in function _glutCreateWindow_ATEXIT_HACK@4
     1>Source.obj : error LNK2019: unresolved external symbol __imp__glutPostRedisplay@0 referenced in function "void __cdecl idle(void)" (?idle@@YAXXZ)
     1>Source.obj : error LNK2019: unresolved external symbol __imp__glutSwapBuffers@0 referenced in function "void __cdecl redraw(void)" (?redraw@@YAXXZ)
     1>Source.obj : error LNK2019: unresolved external symbol __imp__glutDisplayFunc@4 referenced in function _main
     1>Source.obj : error LNK2019: unresolved external symbol __imp__glutReshapeFunc@4 referenced in function _main
     1>Source.obj : error LNK2019: unresolved external symbol __imp__glutKeyboardFunc@4 referenced in function _main
     1>Source.obj : error LNK2019: unresolved external symbol __imp__glutIdleFunc@4 referenced in function _main
     1>Source.obj : error LNK2019: unresolved external symbol @_RTC_CheckStackVars@8 referenced in function "public: __thiscall Facet::Facet(int,int,int,double,double,double)" (??0Facet@@QAE@HHHNNN@Z)
     1>Source.obj : error LNK2019: unresolved external symbol @__security_check_cookie@4 referenced in function __unwindfunclet$??$construct@PADAAPAD@?$allocator@D@std@@QAEXPAPADAAPAD@Z$0
     1>Source.obj : error LNK2019: unresolved external symbol __CxxThrowException@8 referenced in function __catch$?_Copy@?$basic_string@DU?$char_traits@D@std@@V?$allocator@D@2@@std@@QAEXII@Z$1
     1>Source.obj : error LNK2019: unresolved external symbol __RTC_CheckEsp referenced in function "char * __cdecl std::_Allocate<char>(unsigned int,char *)" (??$_Allocate@D@std@@YAPADIPAD@Z)
     1>Source.obj : error LNK2001: unresolved external symbol __RTC_InitBase
     1>Source.obj : error LNK2001: unresolved external symbol __RTC_Shutdown
     1>Source.obj : error LNK2019: unresolved external symbol ___CxxFrameHandler3 referenced in function __unwindfunclet$??$construct@PADAAPAD@?$allocator@D@std@@QAEXPAPADAAPAD@Z$0
     1>Source.obj : error LNK2001: unresolved external symbol "const type_info::`vftable'" (??_7type_info@@6B@)
     1>Source.obj : error LNK2019: unresolved external symbol ___security_cookie referenced in function "public: void __thiscall std::allocator<char>::construct<char *,char * &>(char * *,char * &)" (??$construct@PADAAPAD@?$allocator@D@std@@QAEXPAPADAAPAD@Z)
     1>Source.obj : error LNK2001: unresolved external symbol __fltused
     1>LINK : error LNK2001: unresolved external symbol _mainCRTStartup
     1>C:\Users\Chris\OneDrive\NetEase\软渲染\soft renderver\Debug\soft render.exe : fatal error LNK1120: 50 unresolved externals
     1>Done Building Project "C:\Users\Chris\OneDrive\NetEase\软渲染\soft renderver\soft render\soft render.vcxproj" (Build target(s)) -- FAILED.

Build FAILED.

Time Elapsed 00:00:01.74
